[2019-09-21 13:59:23] –¢–µ–∫—Å—Ç –æ—à–∏–±–∫–∏: –ù–µ –Ω–∞–π–¥–µ–Ω –∫–æ–Ω—Ç—Ä–æ–ª–ª–µ—Ä —Å –∏–º–µ–Ω–µ–º: app\controllers\ImController | –§–∞–π–ª: D:\OpenServer\OSPanel\domains\mkweb.loc\vendor\mkweb\core\Router.php | –°—Ç—Ä–æ–∫–∞: 65
============================
[2019-09-21 13:59:29] –¢–µ–∫—Å—Ç –æ—à–∏–±–∫–∏: –ù–µ –Ω–∞–π–¥–µ–Ω –∫–æ–Ω—Ç—Ä–æ–ª–ª–µ—Ä —Å –∏–º–µ–Ω–µ–º: app\controllers\ImgController | –§–∞–π–ª: D:\OpenServer\OSPanel\domains\mkweb.loc\vendor\mkweb\core\Router.php | –°—Ç—Ä–æ–∫–∞: 65
============================
[2019-09-21 14:00:14] –¢–µ–∫—Å—Ç –æ—à–∏–±–∫–∏: –ù–µ –Ω–∞–π–¥–µ–Ω –≤–∏–¥: D:\OpenServer\OSPanel\domains\mkweb.loc/app/views/Page/index.php | –§–∞–π–ª: D:\OpenServer\OSPanel\domains\mkweb.loc\vendor\mkweb\core\base\View.php | –°—Ç—Ä–æ–∫–∞: 50
============================
[2019-09-21 14:00:48] –¢–µ–∫—Å—Ç –æ—à–∏–±–∫–∏: –ù–µ –Ω–∞–π–¥–µ–Ω –≤–∏–¥: D:\OpenServer\OSPanel\domains\mkweb.loc/app/views/Page/index.php | –§–∞–π–ª: D:\OpenServer\OSPanel\domains\mkweb.loc\vendor\mkweb\core\base\View.php | –°—Ç—Ä–æ–∫–∞: 50
============================
[2019-09-21 14:01:52] –¢–µ–∫—Å—Ç –æ—à–∏–±–∫–∏: –ù–µ –Ω–∞–π–¥–µ–Ω –∫–æ–Ω—Ç—Ä–æ–ª–ª–µ—Ä —Å –∏–º–µ–Ω–µ–º: app\controllers\AjaController | –§–∞–π–ª: D:\OpenServer\OSPanel\domains\mkweb.loc\vendor\mkweb\core\Router.php | –°—Ç—Ä–æ–∫–∞: 65
============================
[2019-09-21 14:02:31] –¢–µ–∫—Å—Ç –æ—à–∏–±–∫–∏: –°—Ç—Ä–∞–Ω–∏—Ü–∞ –Ω–µ –Ω–∞–π–¥–µ–Ω–∞ | –§–∞–π–ª: D:\OpenServer\OSPanel\domains\mkweb.loc\vendor\mkweb\core\Router.php | –°—Ç—Ä–æ–∫–∞: 69
============================
[2019-09-21 14:20:24] –¢–µ–∫—Å—Ç –æ—à–∏–±–∫–∏: –°—Ç—Ä–∞–Ω–∏—Ü–∞ –Ω–µ –Ω–∞–π–¥–µ–Ω–∞ | –§–∞–π–ª: D:\OpenServer\OSPanel\domains\mkweb.loc\vendor\mkweb\core\Router.php | –°—Ç—Ä–æ–∫–∞: 69
============================
[2019-09-21 14:25:19] –¢–µ–∫—Å—Ç –æ—à–∏–±–∫–∏: –°—Ç—Ä–∞–Ω–∏—Ü–∞ –Ω–µ –Ω–∞–π–¥–µ–Ω–∞ | –§–∞–π–ª: D:\OpenServer\OSPanel\domains\maxkoltan.ru\vendor\mkweb\core\Router.php | –°—Ç—Ä–æ–∫–∞: 69
============================
[2019-09-21 14:25:20] –¢–µ–∫—Å—Ç –æ—à–∏–±–∫–∏: –°—Ç—Ä–∞–Ω–∏—Ü–∞ –Ω–µ –Ω–∞–π–¥–µ–Ω–∞ | –§–∞–π–ª: D:\OpenServer\OSPanel\domains\maxkoltan.ru\vendor\mkweb\core\Router.php | –°—Ç—Ä–æ–∫–∞: 69
============================
[2019-09-21 14:36:08] –¢–µ–∫—Å—Ç –æ—à–∏–±–∫–∏: –°—Ç—Ä–∞–Ω–∏—Ü–∞ –Ω–µ –Ω–∞–π–¥–µ–Ω–∞ | –§–∞–π–ª: D:\OpenServer\OSPanel\domains\mkweb.loc\vendor\mkweb\core\Router.php | –°—Ç—Ä–æ–∫–∞: 69
============================
[2019-09-21 14:37:03] –¢–µ–∫—Å—Ç –æ—à–∏–±–∫–∏: –°—Ç—Ä–∞–Ω–∏—Ü–∞ –Ω–µ –Ω–∞–π–¥–µ–Ω–∞ | –§–∞–π–ª: D:\OpenServer\OSPanel\domains\mkweb.loc\vendor\mkweb\core\Router.php | –°—Ç—Ä–æ–∫–∞: 69
============================
[2019-09-21 14:37:25] –¢–µ–∫—Å—Ç –æ—à–∏–±–∫–∏: –°—Ç—Ä–∞–Ω–∏—Ü–∞ –Ω–µ –Ω–∞–π–¥–µ–Ω–∞ | –§–∞–π–ª: D:\OpenServer\OSPanel\domains\mkweb.loc\vendor\mkweb\core\Router.php | –°—Ç—Ä–æ–∫–∞: 69
============================
[2019-09-21 14:37:33] –¢–µ–∫—Å—Ç –æ—à–∏–±–∫–∏: –°—Ç—Ä–∞–Ω–∏—Ü–∞ –Ω–µ –Ω–∞–π–¥–µ–Ω–∞ | –§–∞–π–ª: D:\OpenServer\OSPanel\domains\mkweb.loc\vendor\mkweb\core\Router.php | –°—Ç—Ä–æ–∫–∞: 69
============================
[2019-09-21 18:26:59] –¢–µ–∫—Å—Ç –æ—à–∏–±–∫–∏: –°—Ç—Ä–∞–Ω–∏—Ü–∞ –Ω–µ –Ω–∞–π–¥–µ–Ω–∞ | –§–∞–π–ª: D:\OpenServer\OSPanel\domains\mkweb.loc\vendor\mkweb\core\Router.php | –°—Ç—Ä–æ–∫–∞: 69
============================
[2019-09-21 18:29:07] –¢–µ–∫—Å—Ç –æ—à–∏–±–∫–∏: –ù–µ –Ω–∞–π–¥–µ–Ω –∫–æ–Ω—Ç—Ä–æ–ª–ª–µ—Ä —Å –∏–º–µ–Ω–µ–º: app\controllers\mklogadmin\LoginController | –§–∞–π–ª: D:\OpenServer\OSPanel\domains\mkweb.loc\vendor\mkweb\core\Router.php | –°—Ç—Ä–æ–∫–∞: 65
============================
[2019-09-21 18:29:36] –¢–µ–∫—Å—Ç –æ—à–∏–±–∫–∏: –ù–µ –Ω–∞–π–¥–µ–Ω –º–µ—Ç–æ–¥ —Å –∏–º–µ–Ω–µ–º: cssAction –≤ –∫–æ–Ω—Ç—Ä–æ–ª–ª–µ—Ä–µ: app\controllers\mklogadmin\PrivateController | –§–∞–π–ª: D:\OpenServer\OSPanel\domains\mkweb.loc\vendor\mkweb\core\Router.php | –°—Ç—Ä–æ–∫–∞: 61
============================
[2019-09-21 22:26:10] –¢–µ–∫—Å—Ç –æ—à–∏–±–∫–∏: –°—Ç—Ä–∞–Ω–∏—Ü–∞ –Ω–µ –Ω–∞–π–¥–µ–Ω–∞ | –§–∞–π–ª: D:\OpenServer\OSPanel\domains\mkweb.loc\vendor\mkweb\core\Router.php | –°—Ç—Ä–æ–∫–∞: 69
============================
[2019-09-21 22:28:24] –¢–µ–∫—Å—Ç –æ—à–∏–±–∫–∏: –°—Ç—Ä–∞–Ω–∏—Ü–∞ –Ω–µ –Ω–∞–π–¥–µ–Ω–∞ | –§–∞–π–ª: D:\OpenServer\OSPanel\domains\mkweb.loc\vendor\mkweb\core\Router.php | –°—Ç—Ä–æ–∫–∞: 69
============================
[2019-09-21 22:29:48] –¢–µ–∫—Å—Ç –æ—à–∏–±–∫–∏: –°—Ç—Ä–∞–Ω–∏—Ü–∞ –Ω–µ –Ω–∞–π–¥–µ–Ω–∞ | –§–∞–π–ª: D:\OpenServer\OSPanel\domains\mkweb.loc\vendor\mkweb\core\Router.php | –°—Ç—Ä–æ–∫–∞: 69
============================
[2019-09-21 22:31:51] –¢–µ–∫—Å—Ç –æ—à–∏–±–∫–∏: –°—Ç—Ä–∞–Ω–∏—Ü–∞ –Ω–µ –Ω–∞–π–¥–µ–Ω–∞ | –§–∞–π–ª: D:\OpenServer\OSPanel\domains\mkweb.loc\vendor\mkweb\core\Router.php | –°—Ç—Ä–æ–∫–∞: 69
============================
[2019-09-21 22:35:21] –¢–µ–∫—Å—Ç –æ—à–∏–±–∫–∏: –°—Ç—Ä–∞–Ω–∏—Ü–∞ –Ω–µ –Ω–∞–π–¥–µ–Ω–∞ | –§–∞–π–ª: D:\OpenServer\OSPanel\domains\mkweb.loc\vendor\mkweb\core\Router.php | –°—Ç—Ä–æ–∫–∞: 69
============================
[2019-09-21 22:36:01] –¢–µ–∫—Å—Ç –æ—à–∏–±–∫–∏: –°—Ç—Ä–∞–Ω–∏—Ü–∞ –Ω–µ –Ω–∞–π–¥–µ–Ω–∞ | –§–∞–π–ª: D:\OpenServer\OSPanel\domains\mkweb.loc\vendor\mkweb\core\Router.php | –°—Ç—Ä–æ–∫–∞: 69
============================
[2019-09-21 22:44:23] –¢–µ–∫—Å—Ç –æ—à–∏–±–∫–∏: –°—Ç—Ä–∞–Ω–∏—Ü–∞ –Ω–µ –Ω–∞–π–¥–µ–Ω–∞ | –§–∞–π–ª: D:\OpenServer\OSPanel\domains\mkweb.loc\vendor\mkweb\core\Router.php | –°—Ç—Ä–æ–∫–∞: 69
============================
[2019-09-21 22:45:08] –¢–µ–∫—Å—Ç –æ—à–∏–±–∫–∏: –°—Ç—Ä–∞–Ω–∏—Ü–∞ –Ω–µ –Ω–∞–π–¥–µ–Ω–∞ | –§–∞–π–ª: D:\OpenServer\OSPanel\domains\mkweb.loc\vendor\mkweb\core\Router.php | –°—Ç—Ä–æ–∫–∞: 69
============================
[2019-09-21 22:47:04] –¢–µ–∫—Å—Ç –æ—à–∏–±–∫–∏: –°—Ç—Ä–∞–Ω–∏—Ü–∞ –Ω–µ –Ω–∞–π–¥–µ–Ω–∞ | –§–∞–π–ª: D:\OpenServer\OSPanel\domains\mkweb.loc\vendor\mkweb\core\Router.php | –°—Ç—Ä–æ–∫–∞: 69
============================
[2019-09-22 14:14:24] –¢–µ–∫—Å—Ç –æ—à–∏–±–∫–∏: –°—Ç—Ä–∞–Ω–∏—Ü–∞ –Ω–µ –Ω–∞–π–¥–µ–Ω–∞ | –§–∞–π–ª: D:\OpenServer\OSPanel\domains\mkweb.loc\vendor\mkweb\core\Router.php | –°—Ç—Ä–æ–∫–∞: 69
============================
[2019-09-22 18:54:16] –¢–µ–∫—Å—Ç –æ—à–∏–±–∫–∏: –°—Ç—Ä–∞–Ω–∏—Ü–∞ –Ω–µ –Ω–∞–π–¥–µ–Ω–∞ | –§–∞–π–ª: D:\OpenServer\OSPanel\domains\mkweb.loc\vendor\mkweb\core\Router.php | –°—Ç—Ä–æ–∫–∞: 69
============================
[2019-09-22 18:57:46] –¢–µ–∫—Å—Ç –æ—à–∏–±–∫–∏: –°—Ç—Ä–∞–Ω–∏—Ü–∞ –Ω–µ –Ω–∞–π–¥–µ–Ω–∞ | –§–∞–π–ª: D:\OpenServer\OSPanel\domains\mkweb.loc\vendor\mkweb\core\Router.php | –°—Ç—Ä–æ–∫–∞: 69
============================
[2019-09-22 19:02:46] –¢–µ–∫—Å—Ç –æ—à–∏–±–∫–∏: –ù–µ –Ω–∞–π–¥–µ–Ω –∫–æ–Ω—Ç—Ä–æ–ª–ª–µ—Ä —Å –∏–º–µ–Ω–µ–º: app\controllers\PortfolioController | –§–∞–π–ª: D:\OpenServer\OSPanel\domains\mkweb.loc\vendor\mkweb\core\Router.php | –°—Ç—Ä–æ–∫–∞: 65
============================
[2019-09-22 19:03:11] –¢–µ–∫—Å—Ç –æ—à–∏–±–∫–∏: –ù–µ –Ω–∞–π–¥–µ–Ω –∫–æ–Ω—Ç—Ä–æ–ª–ª–µ—Ä —Å –∏–º–µ–Ω–µ–º: app\controllers\ImgController | –§–∞–π–ª: D:\OpenServer\OSPanel\domains\mkweb.loc\vendor\mkweb\core\Router.php | –°—Ç—Ä–æ–∫–∞: 65
============================
[2019-09-22 19:03:20] –¢–µ–∫—Å—Ç –æ—à–∏–±–∫–∏: –ù–µ –Ω–∞–π–¥–µ–Ω –∫–æ–Ω—Ç—Ä–æ–ª–ª–µ—Ä —Å –∏–º–µ–Ω–µ–º: app\controllers\ImageController | –§–∞–π–ª: D:\OpenServer\OSPanel\domains\mkweb.loc\vendor\mkweb\core\Router.php | –°—Ç—Ä–æ–∫–∞: 65
============================
[2019-09-22 19:03:24] –¢–µ–∫—Å—Ç –æ—à–∏–±–∫–∏: –ù–µ –Ω–∞–π–¥–µ–Ω –∫–æ–Ω—Ç—Ä–æ–ª–ª–µ—Ä —Å –∏–º–µ–Ω–µ–º: app\controllers\ImagController | –§–∞–π–ª: D:\OpenServer\OSPanel\domains\mkweb.loc\vendor\mkweb\core\Router.php | –°—Ç—Ä–æ–∫–∞: 65
============================
[2019-09-22 19:05:26] –¢–µ–∫—Å—Ç –æ—à–∏–±–∫–∏: –ù–µ –Ω–∞–π–¥–µ–Ω –∫–æ–Ω—Ç—Ä–æ–ª–ª–µ—Ä —Å –∏–º–µ–Ω–µ–º: app\controllers\AdminController | –§–∞–π–ª: D:\OpenServer\OSPanel\domains\mkweb.loc\vendor\mkweb\core\Router.php | –°—Ç—Ä–æ–∫–∞: 65
============================
[2019-09-22 20:11:13] –¢–µ–∫—Å—Ç –æ—à–∏–±–∫–∏: –°—Ç—Ä–∞–Ω–∏—Ü–∞ –Ω–µ –Ω–∞–π–¥–µ–Ω–∞ | –§–∞–π–ª: D:\OpenServer\OSPanel\domains\mkweb.loc\vendor\mkweb\core\Router.php | –°—Ç—Ä–æ–∫–∞: 69
============================
[2019-09-22 20:11:18] –¢–µ–∫—Å—Ç –æ—à–∏–±–∫–∏: –°—Ç—Ä–∞–Ω–∏—Ü–∞ –Ω–µ –Ω–∞–π–¥–µ–Ω–∞ | –§–∞–π–ª: D:\OpenServer\OSPanel\domains\mkweb.loc\vendor\mkweb\core\Router.php | –°—Ç—Ä–æ–∫–∞: 69
============================
[2019-09-22 20:19:28] –¢–µ–∫—Å—Ç –æ—à–∏–±–∫–∏: –°—Ç—Ä–∞–Ω–∏—Ü–∞ –Ω–µ –Ω–∞–π–¥–µ–Ω–∞ | –§–∞–π–ª: D:\OpenServer\OSPanel\domains\mkweb.loc\vendor\mkweb\core\Router.php | –°—Ç—Ä–æ–∫–∞: 69
============================
[2019-09-22 21:03:32] –¢–µ–∫—Å—Ç –æ—à–∏–±–∫–∏: –ù–µ –Ω–∞–π–¥–µ–Ω –º–µ—Ç–æ–¥ —Å –∏–º–µ–Ω–µ–º: messageAction –≤ –∫–æ–Ω—Ç—Ä–æ–ª–ª–µ—Ä–µ: app\controllers\AjaxController | –§–∞–π–ª: D:\OpenServer\OSPanel\domains\mkweb.loc\vendor\mkweb\core\Router.php | –°—Ç—Ä–æ–∫–∞: 61
============================
[2019-09-22 21:03:48] –¢–µ–∫—Å—Ç –æ—à–∏–±–∫–∏: –ù–µ –Ω–∞–π–¥–µ–Ω –≤–∏–¥: D:\OpenServer\OSPanel\domains\mkweb.loc/app/views/Ajax/message.php | –§–∞–π–ª: D:\OpenServer\OSPanel\domains\mkweb.loc\vendor\mkweb\core\base\View.php | –°—Ç—Ä–æ–∫–∞: 50
============================
[2019-09-22 21:11:07] –¢–µ–∫—Å—Ç –æ—à–∏–±–∫–∏: –ù–µ –Ω–∞–π–¥–µ–Ω –≤–∏–¥: D:\OpenServer\OSPanel\domains\mkweb.loc/app/views/Ajax/message.php | –§–∞–π–ª: D:\OpenServer\OSPanel\domains\mkweb.loc\vendor\mkweb\core\base\View.php | –°—Ç—Ä–æ–∫–∞: 50
============================
[2019-09-22 21:20:27] –¢–µ–∫—Å—Ç –æ—à–∏–±–∫–∏: –ù–µ –Ω–∞–π–¥–µ–Ω –≤–∏–¥: D:\OpenServer\OSPanel\domains\mkweb.loc/app/views/Ajax/message.php | –§–∞–π–ª: D:\OpenServer\OSPanel\domains\mkweb.loc\vendor\mkweb\core\base\View.php | –°—Ç—Ä–æ–∫–∞: 50
============================
[2019-09-22 21:25:15] –¢–µ–∫—Å—Ç –æ—à–∏–±–∫–∏: –°—Ç—Ä–∞–Ω–∏—Ü–∞ –Ω–µ –Ω–∞–π–¥–µ–Ω–∞ | –§–∞–π–ª: D:\OpenServer\OSPanel\domains\mkweb.loc\vendor\mkweb\core\Router.php | –°—Ç—Ä–æ–∫–∞: 69
============================
[2019-09-22 21:25:16] –¢–µ–∫—Å—Ç –æ—à–∏–±–∫–∏: –°—Ç—Ä–∞–Ω–∏—Ü–∞ –Ω–µ –Ω–∞–π–¥–µ–Ω–∞ | –§–∞–π–ª: D:\OpenServer\OSPanel\domains\mkweb.loc\vendor\mkweb\core\Router.php | –°—Ç—Ä–æ–∫–∞: 69
============================
[2019-09-22 21:25:17] –¢–µ–∫—Å—Ç –æ—à–∏–±–∫–∏: –°—Ç—Ä–∞–Ω–∏—Ü–∞ –Ω–µ –Ω–∞–π–¥–µ–Ω–∞ | –§–∞–π–ª: D:\OpenServer\OSPanel\domains\mkweb.loc\vendor\mkweb\core\Router.php | –°—Ç—Ä–æ–∫–∞: 69
============================
[2019-09-22 21:26:01] –¢–µ–∫—Å—Ç –æ—à–∏–±–∫–∏: –°—Ç—Ä–∞–Ω–∏—Ü–∞ –Ω–µ –Ω–∞–π–¥–µ–Ω–∞ | –§–∞–π–ª: D:\OpenServer\OSPanel\domains\mkweb.loc\vendor\mkweb\core\Router.php | –°—Ç—Ä–æ–∫–∞: 69
============================
[2019-09-22 21:26:02] –¢–µ–∫—Å—Ç –æ—à–∏–±–∫–∏: –°—Ç—Ä–∞–Ω–∏—Ü–∞ –Ω–µ –Ω–∞–π–¥–µ–Ω–∞ | –§–∞–π–ª: D:\OpenServer\OSPanel\domains\mkweb.loc\vendor\mkweb\core\Router.php | –°—Ç—Ä–æ–∫–∞: 69
============================
[2019-09-22 21:26:04] –¢–µ–∫—Å—Ç –æ—à–∏–±–∫–∏: –°—Ç—Ä–∞–Ω–∏—Ü–∞ –Ω–µ –Ω–∞–π–¥–µ–Ω–∞ | –§–∞–π–ª: D:\OpenServer\OSPanel\domains\mkweb.loc\vendor\mkweb\core\Router.php | –°—Ç—Ä–æ–∫–∞: 69
============================
[2019-09-22 21:26:13] –¢–µ–∫—Å—Ç –æ—à–∏–±–∫–∏: –°—Ç—Ä–∞–Ω–∏—Ü–∞ –Ω–µ –Ω–∞–π–¥–µ–Ω–∞ | –§–∞–π–ª: D:\OpenServer\OSPanel\domains\mkweb.loc\vendor\mkweb\core\Router.php | –°—Ç—Ä–æ–∫–∞: 69
============================
[2019-09-22 21:26:15] –¢–µ–∫—Å—Ç –æ—à–∏–±–∫–∏: –°—Ç—Ä–∞–Ω–∏—Ü–∞ –Ω–µ –Ω–∞–π–¥–µ–Ω–∞ | –§–∞–π–ª: D:\OpenServer\OSPanel\domains\mkweb.loc\vendor\mkweb\core\Router.php | –°—Ç—Ä–æ–∫–∞: 69
============================
[2019-09-22 21:26:19] –¢–µ–∫—Å—Ç –æ—à–∏–±–∫–∏: –°—Ç—Ä–∞–Ω–∏—Ü–∞ –Ω–µ –Ω–∞–π–¥–µ–Ω–∞ | –§–∞–π–ª: D:\OpenServer\OSPanel\domains\mkweb.loc\vendor\mkweb\core\Router.php | –°—Ç—Ä–æ–∫–∞: 69
============================
[2019-09-22 21:26:59] –¢–µ–∫—Å—Ç –æ—à–∏–±–∫–∏: –ù–µ –Ω–∞–π–¥–µ–Ω –∫–æ–Ω—Ç—Ä–æ–ª–ª–µ—Ä —Å –∏–º–µ–Ω–µ–º: app\controllers\mklogadmin\AjaxController | –§–∞–π–ª: D:\OpenServer\OSPanel\domains\mkweb.loc\vendor\mkweb\core\Router.php | –°—Ç—Ä–æ–∫–∞: 65
============================
[2019-09-22 21:27:25] –¢–µ–∫—Å—Ç –æ—à–∏–±–∫–∏: –ù–µ –Ω–∞–π–¥–µ–Ω –≤–∏–¥: D:\OpenServer\OSPanel\domains\mkweb.loc/app/views/Ajax/message.php | –§–∞–π–ª: D:\OpenServer\OSPanel\domains\mkweb.loc\vendor\mkweb\core\base\View.php | –°—Ç—Ä–æ–∫–∞: 50
============================
[2019-09-22 21:28:34] –¢–µ–∫—Å—Ç –æ—à–∏–±–∫–∏: –ù–µ –Ω–∞–π–¥–µ–Ω –≤–∏–¥: D:\OpenServer\OSPanel\domains\mkweb.loc/app/views/Ajax/message.php | –§–∞–π–ª: D:\OpenServer\OSPanel\domains\mkweb.loc\vendor\mkweb\core\base\View.php | –°—Ç—Ä–æ–∫–∞: 50
============================
[2019-09-22 21:28:39] –¢–µ–∫—Å—Ç –æ—à–∏–±–∫–∏: –ù–µ –Ω–∞–π–¥–µ–Ω –≤–∏–¥: D:\OpenServer\OSPanel\domains\mkweb.loc/app/views/Ajax/message.php | –§–∞–π–ª: D:\OpenServer\OSPanel\domains\mkweb.loc\vendor\mkweb\core\base\View.php | –°—Ç—Ä–æ–∫–∞: 50
============================
[2019-09-22 21:30:48] –¢–µ–∫—Å—Ç –æ—à–∏–±–∫–∏: –ù–µ –Ω–∞–π–¥–µ–Ω –º–µ—Ç–æ–¥ —Å –∏–º–µ–Ω–µ–º: messageAction –≤ –∫–æ–Ω—Ç—Ä–æ–ª–ª–µ—Ä–µ: app\controllers\AjaxController | –§–∞–π–ª: D:\OpenServer\OSPanel\domains\mkweb.loc\vendor\mkweb\core\Router.php | –°—Ç—Ä–æ–∫–∞: 61
============================
[2019-09-22 21:30:51] –¢–µ–∫—Å—Ç –æ—à–∏–±–∫–∏: –ù–µ –Ω–∞–π–¥–µ–Ω –º–µ—Ç–æ–¥ —Å –∏–º–µ–Ω–µ–º: messageAction –≤ –∫–æ–Ω—Ç—Ä–æ–ª–ª–µ—Ä–µ: app\controllers\AjaxController | –§–∞–π–ª: D:\OpenServer\OSPanel\domains\mkweb.loc\vendor\mkweb\core\Router.php | –°—Ç—Ä–æ–∫–∞: 61
============================
[2019-09-22 21:33:35] –¢–µ–∫—Å—Ç –æ—à–∏–±–∫–∏: –°—Ç—Ä–∞–Ω–∏—Ü–∞ –Ω–µ –Ω–∞–π–¥–µ–Ω–∞ | –§–∞–π–ª: D:\OpenServer\OSPanel\domains\mkweb.loc\vendor\mkweb\core\Router.php | –°—Ç—Ä–æ–∫–∞: 69
============================
[2019-09-22 21:35:40] –¢–µ–∫—Å—Ç –æ—à–∏–±–∫–∏: –°—Ç—Ä–∞–Ω–∏—Ü–∞ –Ω–µ –Ω–∞–π–¥–µ–Ω–∞ | –§–∞–π–ª: D:\OpenServer\OSPanel\domains\mkweb.loc\vendor\mkweb\core\Router.php | –°—Ç—Ä–æ–∫–∞: 69
============================
[2019-09-22 21:39:53] –¢–µ–∫—Å—Ç –æ—à–∏–±–∫–∏: –°—Ç—Ä–∞–Ω–∏—Ü–∞ –Ω–µ –Ω–∞–π–¥–µ–Ω–∞ | –§–∞–π–ª: D:\OpenServer\OSPanel\domains\mkweb.loc\vendor\mkweb\core\Router.php | –°—Ç—Ä–æ–∫–∞: 69
============================
[2019-09-22 21:40:40] –¢–µ–∫—Å—Ç –æ—à–∏–±–∫–∏: –°—Ç—Ä–∞–Ω–∏—Ü–∞ –Ω–µ –Ω–∞–π–¥–µ–Ω–∞ | –§–∞–π–ª: D:\OpenServer\OSPanel\domains\mkweb.loc\vendor\mkweb\core\Router.php | –°—Ç—Ä–æ–∫–∞: 69
============================
[2019-09-22 21:42:46] –¢–µ–∫—Å—Ç –æ—à–∏–±–∫–∏: –°—Ç—Ä–∞–Ω–∏—Ü–∞ –Ω–µ –Ω–∞–π–¥–µ–Ω–∞ | –§–∞–π–ª: D:\OpenServer\OSPanel\domains\mkweb.loc\vendor\mkweb\core\Router.php | –°—Ç—Ä–æ–∫–∞: 69
============================
[2019-09-22 21:52:20] –¢–µ–∫—Å—Ç –æ—à–∏–±–∫–∏: –°—Ç—Ä–∞–Ω–∏—Ü–∞ –Ω–µ –Ω–∞–π–¥–µ–Ω–∞ | –§–∞–π–ª: D:\OpenServer\OSPanel\domains\mkweb.loc\vendor\mkweb\core\Router.php | –°—Ç—Ä–æ–∫–∞: 69
============================
[2019-09-22 21:54:41] –¢–µ–∫—Å—Ç –æ—à–∏–±–∫–∏: –°—Ç—Ä–∞–Ω–∏—Ü–∞ –Ω–µ –Ω–∞–π–¥–µ–Ω–∞ | –§–∞–π–ª: D:\OpenServer\OSPanel\domains\mkweb.loc\vendor\mkweb\core\Router.php | –°—Ç—Ä–æ–∫–∞: 69
============================
[2019-09-22 21:56:21] –¢–µ–∫—Å—Ç –æ—à–∏–±–∫–∏: –°—Ç—Ä–∞–Ω–∏—Ü–∞ –Ω–µ –Ω–∞–π–¥–µ–Ω–∞ | –§–∞–π–ª: D:\OpenServer\OSPanel\domains\mkweb.loc\vendor\mkweb\core\Router.php | –°—Ç—Ä–æ–∫–∞: 69
============================
[2019-09-22 21:56:41] –¢–µ–∫—Å—Ç –æ—à–∏–±–∫–∏: –°—Ç—Ä–∞–Ω–∏—Ü–∞ –Ω–µ –Ω–∞–π–¥–µ–Ω–∞ | –§–∞–π–ª: D:\OpenServer\OSPanel\domains\mkweb.loc\vendor\mkweb\core\Router.php | –°—Ç—Ä–æ–∫–∞: 69
============================
[2019-09-22 21:56:47] –¢–µ–∫—Å—Ç –æ—à–∏–±–∫–∏: –°—Ç—Ä–∞–Ω–∏—Ü–∞ –Ω–µ –Ω–∞–π–¥–µ–Ω–∞ | –§–∞–π–ª: D:\OpenServer\OSPanel\domains\mkweb.loc\vendor\mkweb\core\Router.php | –°—Ç—Ä–æ–∫–∞: 69
============================
[2019-09-22 21:57:26] –¢–µ–∫—Å—Ç –æ—à–∏–±–∫–∏: –°—Ç—Ä–∞–Ω–∏—Ü–∞ –Ω–µ –Ω–∞–π–¥–µ–Ω–∞ | –§–∞–π–ª: D:\OpenServer\OSPanel\domains\mkweb.loc\vendor\mkweb\core\Router.php | –°—Ç—Ä–æ–∫–∞: 69
============================
[2019-09-22 21:57:27] –¢–µ–∫—Å—Ç –æ—à–∏–±–∫–∏: –°—Ç—Ä–∞–Ω–∏—Ü–∞ –Ω–µ –Ω–∞–π–¥–µ–Ω–∞ | –§–∞–π–ª: D:\OpenServer\OSPanel\domains\mkweb.loc\vendor\mkweb\core\Router.php | –°—Ç—Ä–æ–∫–∞: 69
============================
[2019-09-22 21:57:30] –¢–µ–∫—Å—Ç –æ—à–∏–±–∫–∏: –°—Ç—Ä–∞–Ω–∏—Ü–∞ –Ω–µ –Ω–∞–π–¥–µ–Ω–∞ | –§–∞–π–ª: D:\OpenServer\OSPanel\domains\mkweb.loc\vendor\mkweb\core\Router.php | –°—Ç—Ä–æ–∫–∞: 69
============================
[2019-09-22 21:57:31] –¢–µ–∫—Å—Ç –æ—à–∏–±–∫–∏: –°—Ç—Ä–∞–Ω–∏—Ü–∞ –Ω–µ –Ω–∞–π–¥–µ–Ω–∞ | –§–∞–π–ª: D:\OpenServer\OSPanel\domains\mkweb.loc\vendor\mkweb\core\Router.php | –°—Ç—Ä–æ–∫–∞: 69
============================
[2019-09-22 21:58:05] –¢–µ–∫—Å—Ç –æ—à–∏–±–∫–∏: –°—Ç—Ä–∞–Ω–∏—Ü–∞ –Ω–µ –Ω–∞–π–¥–µ–Ω–∞ | –§–∞–π–ª: D:\OpenServer\OSPanel\domains\mkweb.loc\vendor\mkweb\core\Router.php | –°—Ç—Ä–æ–∫–∞: 69
============================
[2019-09-22 21:58:13] –¢–µ–∫—Å—Ç –æ—à–∏–±–∫–∏: –°—Ç—Ä–∞–Ω–∏—Ü–∞ –Ω–µ –Ω–∞–π–¥–µ–Ω–∞ | –§–∞–π–ª: D:\OpenServer\OSPanel\domains\mkweb.loc\vendor\mkweb\core\Router.php | –°—Ç—Ä–æ–∫–∞: 69
============================
[2019-09-22 21:58:40] –¢–µ–∫—Å—Ç –æ—à–∏–±–∫–∏: –°—Ç—Ä–∞–Ω–∏—Ü–∞ –Ω–µ –Ω–∞–π–¥–µ–Ω–∞ | –§–∞–π–ª: D:\OpenServer\OSPanel\domains\mkweb.loc\vendor\mkweb\core\Router.php | –°—Ç—Ä–æ–∫–∞: 69
============================
[2019-09-22 21:58:43] –¢–µ–∫—Å—Ç –æ—à–∏–±–∫–∏: –°—Ç—Ä–∞–Ω–∏—Ü–∞ –Ω–µ –Ω–∞–π–¥–µ–Ω–∞ | –§–∞–π–ª: D:\OpenServer\OSPanel\domains\mkweb.loc\vendor\mkweb\core\Router.php | –°—Ç—Ä–æ–∫–∞: 69
============================
[2019-09-22 21:58:54] –¢–µ–∫—Å—Ç –æ—à–∏–±–∫–∏: –°—Ç—Ä–∞–Ω–∏—Ü–∞ –Ω–µ –Ω–∞–π–¥–µ–Ω–∞ | –§–∞–π–ª: D:\OpenServer\OSPanel\domains\mkweb.loc\vendor\mkweb\core\Router.php | –°—Ç—Ä–æ–∫–∞: 69
============================
[2019-09-22 21:59:18] –¢–µ–∫—Å—Ç –æ—à–∏–±–∫–∏: –°—Ç—Ä–∞–Ω–∏—Ü–∞ –Ω–µ –Ω–∞–π–¥–µ–Ω–∞ | –§–∞–π–ª: D:\OpenServer\OSPanel\domains\mkweb.loc\vendor\mkweb\core\Router.php | –°—Ç—Ä–æ–∫–∞: 69
============================
[2019-09-22 21:59:19] –¢–µ–∫—Å—Ç –æ—à–∏–±–∫–∏: –°—Ç—Ä–∞–Ω–∏—Ü–∞ –Ω–µ –Ω–∞–π–¥–µ–Ω–∞ | –§–∞–π–ª: D:\OpenServer\OSPanel\domains\mkweb.loc\vendor\mkweb\core\Router.php | –°—Ç—Ä–æ–∫–∞: 69
============================
[2019-09-22 21:59:20] –¢–µ–∫—Å—Ç –æ—à–∏–±–∫–∏: –°—Ç—Ä–∞–Ω–∏—Ü–∞ –Ω–µ –Ω–∞–π–¥–µ–Ω–∞ | –§–∞–π–ª: D:\OpenServer\OSPanel\domains\mkweb.loc\vendor\mkweb\core\Router.php | –°—Ç—Ä–æ–∫–∞: 69
============================
[2019-09-22 21:59:21] –¢–µ–∫—Å—Ç –æ—à–∏–±–∫–∏: –°—Ç—Ä–∞–Ω–∏—Ü–∞ –Ω–µ –Ω–∞–π–¥–µ–Ω–∞ | –§–∞–π–ª: D:\OpenServer\OSPanel\domains\mkweb.loc\vendor\mkweb\core\Router.php | –°—Ç—Ä–æ–∫–∞: 69
============================
[2019-09-22 21:59:23] –¢–µ–∫—Å—Ç –æ—à–∏–±–∫–∏: –°—Ç—Ä–∞–Ω–∏—Ü–∞ –Ω–µ –Ω–∞–π–¥–µ–Ω–∞ | –§–∞–π–ª: D:\OpenServer\OSPanel\domains\mkweb.loc\vendor\mkweb\core\Router.php | –°—Ç—Ä–æ–∫–∞: 69
============================
[2019-09-22 21:59:44] –¢–µ–∫—Å—Ç –æ—à–∏–±–∫–∏: –°—Ç—Ä–∞–Ω–∏—Ü–∞ –Ω–µ –Ω–∞–π–¥–µ–Ω–∞ | –§–∞–π–ª: D:\OpenServer\OSPanel\domains\mkweb.loc\vendor\mkweb\core\Router.php | –°—Ç—Ä–æ–∫–∞: 69
============================
[2019-09-22 21:59:47] –¢–µ–∫—Å—Ç –æ—à–∏–±–∫–∏: –°—Ç—Ä–∞–Ω–∏—Ü–∞ –Ω–µ –Ω–∞–π–¥–µ–Ω–∞ | –§–∞–π–ª: D:\OpenServer\OSPanel\domains\mkweb.loc\vendor\mkweb\core\Router.php | –°—Ç—Ä–æ–∫–∞: 69
============================
[2019-09-22 21:59:49] –¢–µ–∫—Å—Ç –æ—à–∏–±–∫–∏: –°—Ç—Ä–∞–Ω–∏—Ü–∞ –Ω–µ –Ω–∞–π–¥–µ–Ω–∞ | –§–∞–π–ª: D:\OpenServer\OSPanel\domains\mkweb.loc\vendor\mkweb\core\Router.php | –°—Ç—Ä–æ–∫–∞: 69
============================
[2019-09-22 22:04:20] –¢–µ–∫—Å—Ç –æ—à–∏–±–∫–∏: –°—Ç—Ä–∞–Ω–∏—Ü–∞ –Ω–µ –Ω–∞–π–¥–µ–Ω–∞ | –§–∞–π–ª: D:\OpenServer\OSPanel\domains\mkweb.loc\vendor\mkweb\core\Router.php | –°—Ç—Ä–æ–∫–∞: 69
============================
[2019-09-23 18:41:17] –¢–µ–∫—Å—Ç –æ—à–∏–±–∫–∏: –°—Ç—Ä–∞–Ω–∏—Ü–∞ –Ω–µ –Ω–∞–π–¥–µ–Ω–∞ | –§–∞–π–ª: D:\OpenServer\OSPanel\domains\mkweb.loc\vendor\mkweb\core\Router.php | –°—Ç—Ä–æ–∫–∞: 69
============================
[2019-09-23 18:44:41] –¢–µ–∫—Å—Ç –æ—à–∏–±–∫–∏: –°—Ç—Ä–∞–Ω–∏—Ü–∞ –Ω–µ –Ω–∞–π–¥–µ–Ω–∞ | –§–∞–π–ª: D:\OpenServer\OSPanel\domains\mkweb.loc\vendor\mkweb\core\Router.php | –°—Ç—Ä–æ–∫–∞: 69
============================
[2019-09-23 18:44:45] –¢–µ–∫—Å—Ç –æ—à–∏–±–∫–∏: –°—Ç—Ä–∞–Ω–∏—Ü–∞ –Ω–µ –Ω–∞–π–¥–µ–Ω–∞ | –§–∞–π–ª: D:\OpenServer\OSPanel\domains\mkweb.loc\vendor\mkweb\core\Router.php | –°—Ç—Ä–æ–∫–∞: 69
============================
[2019-09-23 18:44:46] –¢–µ–∫—Å—Ç –æ—à–∏–±–∫–∏: –°—Ç—Ä–∞–Ω–∏—Ü–∞ –Ω–µ –Ω–∞–π–¥–µ–Ω–∞ | –§–∞–π–ª: D:\OpenServer\OSPanel\domains\mkweb.loc\vendor\mkweb\core\Router.php | –°—Ç—Ä–æ–∫–∞: 69
============================
[2019-09-23 18:44:47] –¢–µ–∫—Å—Ç –æ—à–∏–±–∫–∏: –°—Ç—Ä–∞–Ω–∏—Ü–∞ –Ω–µ –Ω–∞–π–¥–µ–Ω–∞ | –§–∞–π–ª: D:\OpenServer\OSPanel\domains\mkweb.loc\vendor\mkweb\core\Router.php | –°—Ç—Ä–æ–∫–∞: 69
============================
[2019-09-23 18:44:56] –¢–µ–∫—Å—Ç –æ—à–∏–±–∫–∏: –°—Ç—Ä–∞–Ω–∏—Ü–∞ –Ω–µ –Ω–∞–π–¥–µ–Ω–∞ | –§–∞–π–ª: D:\OpenServer\OSPanel\domains\mkweb.loc\vendor\mkweb\core\Router.php | –°—Ç—Ä–æ–∫–∞: 69
============================
[2019-09-23 18:51:05] –¢–µ–∫—Å—Ç –æ—à–∏–±–∫–∏: –°—Ç—Ä–∞–Ω–∏—Ü–∞ –Ω–µ –Ω–∞–π–¥–µ–Ω–∞ | –§–∞–π–ª: D:\OpenServer\OSPanel\domains\mkweb.loc\vendor\mkweb\core\Router.php | –°—Ç—Ä–æ–∫–∞: 69
============================
[2019-09-23 18:51:11] –¢–µ–∫—Å—Ç –æ—à–∏–±–∫–∏: –°—Ç—Ä–∞–Ω–∏—Ü–∞ –Ω–µ –Ω–∞–π–¥–µ–Ω–∞ | –§–∞–π–ª: D:\OpenServer\OSPanel\domains\mkweb.loc\vendor\mkweb\core\Router.php | –°—Ç—Ä–æ–∫–∞: 69
============================
[2019-09-23 18:51:13] –¢–µ–∫—Å—Ç –æ—à–∏–±–∫–∏: –°—Ç—Ä–∞–Ω–∏—Ü–∞ –Ω–µ –Ω–∞–π–¥–µ–Ω–∞ | –§–∞–π–ª: D:\OpenServer\OSPanel\domains\mkweb.loc\vendor\mkweb\core\Router.php | –°—Ç—Ä–æ–∫–∞: 69
============================
[2019-09-23 18:51:42] –¢–µ–∫—Å—Ç –æ—à–∏–±–∫–∏: –°—Ç—Ä–∞–Ω–∏—Ü–∞ –Ω–µ –Ω–∞–π–¥–µ–Ω–∞ | –§–∞–π–ª: D:\OpenServer\OSPanel\domains\mkweb.loc\vendor\mkweb\core\Router.php | –°—Ç—Ä–æ–∫–∞: 69
============================
[2019-09-23 18:51:43] –¢–µ–∫—Å—Ç –æ—à–∏–±–∫–∏: –°—Ç—Ä–∞–Ω–∏—Ü–∞ –Ω–µ –Ω–∞–π–¥–µ–Ω–∞ | –§–∞–π–ª: D:\OpenServer\OSPanel\domains\mkweb.loc\vendor\mkweb\core\Router.php | –°—Ç—Ä–æ–∫–∞: 69
============================
[2019-09-23 18:58:40] –¢–µ–∫—Å—Ç –æ—à–∏–±–∫–∏: –°—Ç—Ä–∞–Ω–∏—Ü–∞ –Ω–µ –Ω–∞–π–¥–µ–Ω–∞ | –§–∞–π–ª: D:\OpenServer\OSPanel\domains\mkweb.loc\vendor\mkweb\core\Router.php | –°—Ç—Ä–æ–∫–∞: 69
============================
[2019-09-23 19:06:15] –¢–µ–∫—Å—Ç –æ—à–∏–±–∫–∏: –°—Ç—Ä–∞–Ω–∏—Ü–∞ –Ω–µ –Ω–∞–π–¥–µ–Ω–∞ | –§–∞–π–ª: D:\OpenServer\OSPanel\domains\mkweb.loc\vendor\mkweb\core\Router.php | –°—Ç—Ä–æ–∫–∞: 69
============================
[2019-09-23 19:16:14] –¢–µ–∫—Å—Ç –æ—à–∏–±–∫–∏: –°—Ç—Ä–∞–Ω–∏—Ü–∞ –Ω–µ –Ω–∞–π–¥–µ–Ω–∞ | –§–∞–π–ª: D:\OpenServer\OSPanel\domains\mkweb.loc\vendor\mkweb\core\Router.php | –°—Ç—Ä–æ–∫–∞: 69
============================
[2019-09-23 19:17:00] –¢–µ–∫—Å—Ç –æ—à–∏–±–∫–∏: –°—Ç—Ä–∞–Ω–∏—Ü–∞ –Ω–µ –Ω–∞–π–¥–µ–Ω–∞ | –§–∞–π–ª: D:\OpenServer\OSPanel\domains\mkweb.loc\vendor\mkweb\core\Router.php | –°—Ç—Ä–æ–∫–∞: 69
============================
[2019-09-23 19:23:33] –¢–µ–∫—Å—Ç –æ—à–∏–±–∫–∏: –°—Ç—Ä–∞–Ω–∏—Ü–∞ –Ω–µ –Ω–∞–π–¥–µ–Ω–∞ | –§–∞–π–ª: D:\OpenServer\OSPanel\domains\mkweb.loc\vendor\mkweb\core\Router.php | –°—Ç—Ä–æ–∫–∞: 69
============================
[2019-09-23 19:35:14] –¢–µ–∫—Å—Ç –æ—à–∏–±–∫–∏: –°—Ç—Ä–∞–Ω–∏—Ü–∞ –Ω–µ –Ω–∞–π–¥–µ–Ω–∞ | –§–∞–π–ª: D:\OpenServer\OSPanel\domains\mkweb.loc\vendor\mkweb\core\Router.php | –°—Ç—Ä–æ–∫–∞: 69
============================
[2019-09-23 19:41:29] –¢–µ–∫—Å—Ç –æ—à–∏–±–∫–∏: –°—Ç—Ä–∞–Ω–∏—Ü–∞ –Ω–µ –Ω–∞–π–¥–µ–Ω–∞ | –§–∞–π–ª: D:\OpenServer\OSPanel\domains\mkweb.loc\vendor\mkweb\core\Router.php | –°—Ç—Ä–æ–∫–∞: 69
============================
[2019-09-23 19:53:12] –¢–µ–∫—Å—Ç –æ—à–∏–±–∫–∏: –°—Ç—Ä–∞–Ω–∏—Ü–∞ –Ω–µ –Ω–∞–π–¥–µ–Ω–∞ | –§–∞–π–ª: D:\OpenServer\OSPanel\domains\mkweb.loc\vendor\mkweb\core\Router.php | –°—Ç—Ä–æ–∫–∞: 69
============================
[2019-09-23 20:04:37] –¢–µ–∫—Å—Ç –æ—à–∏–±–∫–∏: –°—Ç—Ä–∞–Ω–∏—Ü–∞ –Ω–µ –Ω–∞–π–¥–µ–Ω–∞ | –§–∞–π–ª: D:\OpenServer\OSPanel\domains\mkweb.loc\vendor\mkweb\core\Router.php | –°—Ç—Ä–æ–∫–∞: 69
============================
[2019-09-23 20:05:18] –¢–µ–∫—Å—Ç –æ—à–∏–±–∫–∏: –°—Ç—Ä–∞–Ω–∏—Ü–∞ –Ω–µ –Ω–∞–π–¥–µ–Ω–∞ | –§–∞–π–ª: D:\OpenServer\OSPanel\domains\mkweb.loc\vendor\mkweb\core\Router.php | –°—Ç—Ä–æ–∫–∞: 69
============================
[2019-09-23 20:11:06] –¢–µ–∫—Å—Ç –æ—à–∏–±–∫–∏: –°—Ç—Ä–∞–Ω–∏—Ü–∞ –Ω–µ –Ω–∞–π–¥–µ–Ω–∞ | –§–∞–π–ª: D:\OpenServer\OSPanel\domains\mkweb.loc\vendor\mkweb\core\Router.php | –°—Ç—Ä–æ–∫–∞: 69
============================
[2019-09-23 20:13:49] –¢–µ–∫—Å—Ç –æ—à–∏–±–∫–∏: –°—Ç—Ä–∞–Ω–∏—Ü–∞ –Ω–µ –Ω–∞–π–¥–µ–Ω–∞ | –§–∞–π–ª: D:\OpenServer\OSPanel\domains\mkweb.loc\vendor\mkweb\core\Router.php | –°—Ç—Ä–æ–∫–∞: 69
============================
[2019-09-23 20:18:43] –¢–µ–∫—Å—Ç –æ—à–∏–±–∫–∏: –ù–µ –Ω–∞–π–¥–µ–Ω –≤–∏–¥: D:\OpenServer\OSPanel\domains\mkweb.loc/app/views/mklogadmin\Private/index.php | –§–∞–π–ª: D:\OpenServer\OSPanel\domains\mkweb.loc\vendor\mkweb\core\base\View.php | –°—Ç—Ä–æ–∫–∞: 50
============================
[2019-09-23 20:38:33] –¢–µ–∫—Å—Ç –æ—à–∏–±–∫–∏: –°—Ç—Ä–∞–Ω–∏—Ü–∞ –Ω–µ –Ω–∞–π–¥–µ–Ω–∞ | –§–∞–π–ª: D:\OpenServer\OSPanel\domains\mkweb.loc\vendor\mkweb\core\Router.php | –°—Ç—Ä–æ–∫–∞: 69
============================
[2019-09-23 20:55:40] –¢–µ–∫—Å—Ç –æ—à–∏–±–∫–∏: –°—Ç—Ä–∞–Ω–∏—Ü–∞ –Ω–µ –Ω–∞–π–¥–µ–Ω–∞ | –§–∞–π–ª: D:\OpenServer\OSPanel\domains\mkweb.loc\vendor\mkweb\core\Router.php | –°—Ç—Ä–æ–∫–∞: 69
============================
[2019-09-23 20:57:20] –¢–µ–∫—Å—Ç –æ—à–∏–±–∫–∏: –°—Ç—Ä–∞–Ω–∏—Ü–∞ –Ω–µ –Ω–∞–π–¥–µ–Ω–∞ | –§–∞–π–ª: D:\OpenServer\OSPanel\domains\mkweb.loc\vendor\mkweb\core\Router.php | –°—Ç—Ä–æ–∫–∞: 69
============================
[2019-09-23 20:58:12] –¢–µ–∫—Å—Ç –æ—à–∏–±–∫–∏: –°—Ç—Ä–∞–Ω–∏—Ü–∞ –Ω–µ –Ω–∞–π–¥–µ–Ω–∞ | –§–∞–π–ª: D:\OpenServer\OSPanel\domains\mkweb.loc\vendor\mkweb\core\Router.php | –°—Ç—Ä–æ–∫–∞: 69
============================
[2019-09-23 21:01:54] –¢–µ–∫—Å—Ç –æ—à–∏–±–∫–∏: –°—Ç—Ä–∞–Ω–∏—Ü–∞ –Ω–µ –Ω–∞–π–¥–µ–Ω–∞ | –§–∞–π–ª: D:\OpenServer\OSPanel\domains\mkweb.loc\vendor\mkweb\core\Router.php | –°—Ç—Ä–æ–∫–∞: 69
============================
[2019-09-23 21:03:22] –¢–µ–∫—Å—Ç –æ—à–∏–±–∫–∏: –°—Ç—Ä–∞–Ω–∏—Ü–∞ –Ω–µ –Ω–∞–π–¥–µ–Ω–∞ | –§–∞–π–ª: D:\OpenServer\OSPanel\domains\mkweb.loc\vendor\mkweb\core\Router.php | –°—Ç—Ä–æ–∫–∞: 69
============================
[2019-09-23 21:09:19] –¢–µ–∫—Å—Ç –æ—à–∏–±–∫–∏: –°—Ç—Ä–∞–Ω–∏—Ü–∞ –Ω–µ –Ω–∞–π–¥–µ–Ω–∞ | –§–∞–π–ª: D:\OpenServer\OSPanel\domains\mkweb.loc\vendor\mkweb\core\Router.php | –°—Ç—Ä–æ–∫–∞: 69
============================
[2019-09-23 21:09:21] –¢–µ–∫—Å—Ç –æ—à–∏–±–∫–∏: –°—Ç—Ä–∞–Ω–∏—Ü–∞ –Ω–µ –Ω–∞–π–¥–µ–Ω–∞ | –§–∞–π–ª: D:\OpenServer\OSPanel\domains\mkweb.loc\vendor\mkweb\core\Router.php | –°—Ç—Ä–æ–∫–∞: 69
============================
[2019-09-23 21:22:03] –¢–µ–∫—Å—Ç –æ—à–∏–±–∫–∏: –°—Ç—Ä–∞–Ω–∏—Ü–∞ –Ω–µ –Ω–∞–π–¥–µ–Ω–∞ | –§–∞–π–ª: D:\OpenServer\OSPanel\domains\mkweb.loc\vendor\mkweb\core\Router.php | –°—Ç—Ä–æ–∫–∞: 69
============================
[2019-09-23 21:26:00] –¢–µ–∫—Å—Ç –æ—à–∏–±–∫–∏: –°—Ç—Ä–∞–Ω–∏—Ü–∞ –Ω–µ –Ω–∞–π–¥–µ–Ω–∞ | –§–∞–π–ª: D:\OpenServer\OSPanel\domains\mkweb.loc\vendor\mkweb\core\Router.php | –°—Ç—Ä–æ–∫–∞: 69
============================
[2019-09-23 21:26:22] –¢–µ–∫—Å—Ç –æ—à–∏–±–∫–∏: –°—Ç—Ä–∞–Ω–∏—Ü–∞ –Ω–µ –Ω–∞–π–¥–µ–Ω–∞ | –§–∞–π–ª: D:\OpenServer\OSPanel\domains\mkweb.loc\vendor\mkweb\core\Router.php | –°—Ç—Ä–æ–∫–∞: 69
============================
[2019-09-23 21:34:02] –¢–µ–∫—Å—Ç –æ—à–∏–±–∫–∏: –°—Ç—Ä–∞–Ω–∏—Ü–∞ –Ω–µ –Ω–∞–π–¥–µ–Ω–∞ | –§–∞–π–ª: D:\OpenServer\OSPanel\domains\mkweb.loc\vendor\mkweb\core\Router.php | –°—Ç—Ä–æ–∫–∞: 69
============================
[2019-09-23 21:34:17] –¢–µ–∫—Å—Ç –æ—à–∏–±–∫–∏: –°—Ç—Ä–∞–Ω–∏—Ü–∞ –Ω–µ –Ω–∞–π–¥–µ–Ω–∞ | –§–∞–π–ª: D:\OpenServer\OSPanel\domains\mkweb.loc\vendor\mkweb\core\Router.php | –°—Ç—Ä–æ–∫–∞: 69
============================
[2019-09-23 22:14:23] –¢–µ–∫—Å—Ç –æ—à–∏–±–∫–∏: –°—Ç—Ä–∞–Ω–∏—Ü–∞ –Ω–µ –Ω–∞–π–¥–µ–Ω–∞ | –§–∞–π–ª: D:\OpenServer\OSPanel\domains\mkweb.loc\vendor\mkweb\core\Router.php | –°—Ç—Ä–æ–∫–∞: 69
============================
[2019-09-23 22:16:32] –¢–µ–∫—Å—Ç –æ—à–∏–±–∫–∏: –°—Ç—Ä–∞–Ω–∏—Ü–∞ –Ω–µ –Ω–∞–π–¥–µ–Ω–∞ | –§–∞–π–ª: D:\OpenServer\OSPanel\domains\mkweb.loc\vendor\mkweb\core\Router.php | –°—Ç—Ä–æ–∫–∞: 69
============================
[2019-09-23 22:20:19] –¢–µ–∫—Å—Ç –æ—à–∏–±–∫–∏: –°—Ç—Ä–∞–Ω–∏—Ü–∞ –Ω–µ –Ω–∞–π–¥–µ–Ω–∞ | –§–∞–π–ª: D:\OpenServer\OSPanel\domains\mkweb.loc\vendor\mkweb\core\Router.php | –°—Ç—Ä–æ–∫–∞: 69
============================
[2019-09-23 22:20:25] –¢–µ–∫—Å—Ç –æ—à–∏–±–∫–∏: –°—Ç—Ä–∞–Ω–∏—Ü–∞ –Ω–µ –Ω–∞–π–¥–µ–Ω–∞ | –§–∞–π–ª: D:\OpenServer\OSPanel\domains\mkweb.loc\vendor\mkweb\core\Router.php | –°—Ç—Ä–æ–∫–∞: 69
============================
[2019-09-23 22:22:02] –¢–µ–∫—Å—Ç –æ—à–∏–±–∫–∏: –°—Ç—Ä–∞–Ω–∏—Ü–∞ –Ω–µ –Ω–∞–π–¥–µ–Ω–∞ | –§–∞–π–ª: D:\OpenServer\OSPanel\domains\mkweb.loc\vendor\mkweb\core\Router.php | –°—Ç—Ä–æ–∫–∞: 69
============================
[2019-09-23 22:41:15] –¢–µ–∫—Å—Ç –æ—à–∏–±–∫–∏: –ù–µ –Ω–∞–π–¥–µ–Ω –º–µ—Ç–æ–¥ —Å –∏–º–µ–Ω–µ–º: testAction –≤ –∫–æ–Ω—Ç—Ä–æ–ª–ª–µ—Ä–µ: app\controllers\mklogadmin\PrivateController | –§–∞–π–ª: D:\OpenServer\OSPanel\domains\mkweb.loc\vendor\mkweb\core\Router.php | –°—Ç—Ä–æ–∫–∞: 61
============================
[2019-09-23 22:45:02] –¢–µ–∫—Å—Ç –æ—à–∏–±–∫–∏: –°—Ç—Ä–∞–Ω–∏—Ü–∞ –Ω–µ –Ω–∞–π–¥–µ–Ω–∞ | –§–∞–π–ª: D:\OpenServer\OSPanel\domains\mkweb.loc\vendor\mkweb\core\Router.php | –°—Ç—Ä–æ–∫–∞: 69
============================
[2019-09-23 22:45:03] –¢–µ–∫—Å—Ç –æ—à–∏–±–∫–∏: –°—Ç—Ä–∞–Ω–∏—Ü–∞ –Ω–µ –Ω–∞–π–¥–µ–Ω–∞ | –§–∞–π–ª: D:\OpenServer\OSPanel\domains\mkweb.loc\vendor\mkweb\core\Router.php | –°—Ç—Ä–æ–∫–∞: 69
============================
[2019-09-23 22:46:39] –¢–µ–∫—Å—Ç –æ—à–∏–±–∫–∏: –°—Ç—Ä–∞–Ω–∏—Ü–∞ –Ω–µ –Ω–∞–π–¥–µ–Ω–∞ | –§–∞–π–ª: D:\OpenServer\OSPanel\domains\mkweb.loc\vendor\mkweb\core\Router.php | –°—Ç—Ä–æ–∫–∞: 69
============================
[2019-10-10 15:13:29] –¢–µ–∫—Å—Ç –æ—à–∏–±–∫–∏: –°—Ç—Ä–∞–Ω–∏—Ü–∞ –Ω–µ –Ω–∞–π–¥–µ–Ω–∞ | –§–∞–π–ª: D:\OpenServer\OSPanel\domains\mkweb.loc\vendor\mkweb\core\Router.php | –°—Ç—Ä–æ–∫–∞: 69
============================
[2019-10-10 15:18:58] –¢–µ–∫—Å—Ç –æ—à–∏–±–∫–∏: –ù–µ –Ω–∞–π–¥–µ–Ω –º–µ—Ç–æ–¥ —Å –∏–º–µ–Ω–µ–º: njnkAction –≤ –∫–æ–Ω—Ç—Ä–æ–ª–ª–µ—Ä–µ: app\controllers\mklogadmin\PrivateController | –§–∞–π–ª: D:\OpenServer\OSPanel\domains\mkweb.loc\vendor\mkweb\core\Router.php | –°—Ç—Ä–æ–∫–∞: 61
============================
[2019-10-10 15:27:27] –¢–µ–∫—Å—Ç –æ—à–∏–±–∫–∏: –°—Ç—Ä–∞–Ω–∏—Ü–∞ –Ω–µ –Ω–∞–π–¥–µ–Ω–∞ | –§–∞–π–ª: D:\OpenServer\OSPanel\domains\mkweb.loc\vendor\mkweb\core\Router.php | –°—Ç—Ä–æ–∫–∞: 69
============================
[2019-10-10 15:44:14] –¢–µ–∫—Å—Ç –æ—à–∏–±–∫–∏: –°—Ç—Ä–∞–Ω–∏—Ü–∞ –Ω–µ –Ω–∞–π–¥–µ–Ω–∞ | –§–∞–π–ª: D:\OpenServer\OSPanel\domains\mkweb.loc\vendor\mkweb\core\Router.php | –°—Ç—Ä–æ–∫–∞: 69
============================
[2019-10-10 16:03:52] –¢–µ–∫—Å—Ç –æ—à–∏–±–∫–∏: –°—Ç—Ä–∞–Ω–∏—Ü–∞ –Ω–µ –Ω–∞–π–¥–µ–Ω–∞ | –§–∞–π–ª: D:\OpenServer\OSPanel\domains\mkweb.loc\vendor\mkweb\core\Router.php | –°—Ç—Ä–æ–∫–∞: 69
============================
[2019-10-10 16:17:18] –¢–µ–∫—Å—Ç –æ—à–∏–±–∫–∏: –°—Ç—Ä–∞–Ω–∏—Ü–∞ –Ω–µ –Ω–∞–π–¥–µ–Ω–∞ | –§–∞–π–ª: D:\OpenServer\OSPanel\domains\mkweb.loc\vendor\mkweb\core\Router.php | –°—Ç—Ä–æ–∫–∞: 69
============================
[2019-10-10 17:18:35] –¢–µ–∫—Å—Ç –æ—à–∏–±–∫–∏: –°—Ç—Ä–∞–Ω–∏—Ü–∞ –Ω–µ –Ω–∞–π–¥–µ–Ω–∞ | –§–∞–π–ª: D:\OpenServer\OSPanel\domains\mkweb.loc\vendor\mkweb\core\Router.php | –°—Ç—Ä–æ–∫–∞: 69
============================
[2019-10-10 17:19:22] –¢–µ–∫—Å—Ç –æ—à–∏–±–∫–∏: –ù–µ –Ω–∞–π–¥–µ–Ω –∫–æ–Ω—Ç—Ä–æ–ª–ª–µ—Ä —Å –∏–º–µ–Ω–µ–º: app\controllers\mklogadmin\NjnController | –§–∞–π–ª: D:\OpenServer\OSPanel\domains\mkweb.loc\vendor\mkweb\core\Router.php | –°—Ç—Ä–æ–∫–∞: 65
============================
[2019-10-10 17:29:56] –¢–µ–∫—Å—Ç –æ—à–∏–±–∫–∏: Call to a member function fetchAll() on array | –§–∞–π–ª: D:\OpenServer\OSPanel\domains\mkweb.loc\app\controllers\MainController.php | –°—Ç—Ä–æ–∫–∞: 29
============================
[2019-10-10 17:30:37] –¢–µ–∫—Å—Ç –æ—à–∏–±–∫–∏: Call to a member function fetchAll() on array | –§–∞–π–ª: D:\OpenServer\OSPanel\domains\mkweb.loc\app\controllers\MainController.php | –°—Ç—Ä–æ–∫–∞: 29
============================
[2019-10-10 17:31:12] –¢–µ–∫—Å—Ç –æ—à–∏–±–∫–∏: Call to a member function fetchAll() on array | –§–∞–π–ª: D:\OpenServer\OSPanel\domains\mkweb.loc\app\controllers\MainController.php | –°—Ç—Ä–æ–∫–∞: 29
============================
[2019-10-10 19:29:44] –¢–µ–∫—Å—Ç –æ—à–∏–±–∫–∏: –ù–µ –Ω–∞–π–¥–µ–Ω –∫–æ–Ω—Ç—Ä–æ–ª–ª–µ—Ä —Å –∏–º–µ–Ω–µ–º: app\controllers\NjkController | –§–∞–π–ª: D:\OpenServer\OSPanel\domains\mkweb.loc\vendor\mkweb\core\Router.php | –°—Ç—Ä–æ–∫–∞: 65
============================
[2019-10-10 19:30:00] –¢–µ–∫—Å—Ç –æ—à–∏–±–∫–∏: –ù–µ –Ω–∞–π–¥–µ–Ω –∫–æ–Ω—Ç—Ä–æ–ª–ª–µ—Ä —Å –∏–º–µ–Ω–µ–º: app\controllers\NjkController | –§–∞–π–ª: D:\OpenServer\OSPanel\domains\mkweb.loc\vendor\mkweb\core\Router.php | –°—Ç—Ä–æ–∫–∞: 65
============================
[2019-10-10 19:34:01] –¢–µ–∫—Å—Ç –æ—à–∏–±–∫–∏: –°—Ç—Ä–∞–Ω–∏—Ü–∞ –Ω–µ –Ω–∞–π–¥–µ–Ω–∞ | –§–∞–π–ª: D:\OpenServer\OSPanel\domains\mkweb.loc\app\controllers\mklogadmin\PrivateController.php | –°—Ç—Ä–æ–∫–∞: 20
============================
[2019-10-10 19:39:20] –¢–µ–∫—Å—Ç –æ—à–∏–±–∫–∏: –°—Ç—Ä–∞–Ω–∏—Ü–∞ –Ω–µ –Ω–∞–π–¥–µ–Ω–∞ | –§–∞–π–ª: D:\OpenServer\OSPanel\domains\mkweb.loc\app\controllers\mklogadmin\PrivateController.php | –°—Ç—Ä–æ–∫–∞: 20
============================
[2019-10-10 19:40:00] –¢–µ–∫—Å—Ç –æ—à–∏–±–∫–∏: –°—Ç—Ä–∞–Ω–∏—Ü–∞ –Ω–µ –Ω–∞–π–¥–µ–Ω–∞ | –§–∞–π–ª: D:\OpenServer\OSPanel\domains\mkweb.loc\app\controllers\mklogadmin\PrivateController.php | –°—Ç—Ä–æ–∫–∞: 20
============================
[2019-10-10 19:40:14] –¢–µ–∫—Å—Ç –æ—à–∏–±–∫–∏: –°—Ç—Ä–∞–Ω–∏—Ü–∞ –Ω–µ –Ω–∞–π–¥–µ–Ω–∞ | –§–∞–π–ª: D:\OpenServer\OSPanel\domains\mkweb.loc\app\controllers\mklogadmin\PrivateController.php | –°—Ç—Ä–æ–∫–∞: 20
============================
[2019-10-10 19:40:16] –¢–µ–∫—Å—Ç –æ—à–∏–±–∫–∏: –°—Ç—Ä–∞–Ω–∏—Ü–∞ –Ω–µ –Ω–∞–π–¥–µ–Ω–∞ | –§–∞–π–ª: D:\OpenServer\OSPanel\domains\mkweb.loc\app\controllers\mklogadmin\PrivateController.php | –°—Ç—Ä–æ–∫–∞: 20
============================
[2019-10-10 21:42:33] –¢–µ–∫—Å—Ç –æ—à–∏–±–∫–∏: –°—Ç—Ä–∞–Ω–∏—Ü–∞ –Ω–µ –Ω–∞–π–¥–µ–Ω–∞ | –§–∞–π–ª: D:\OpenServer\OSPanel\domains\mkweb.loc\vendor\mkweb\core\Router.php | –°—Ç—Ä–æ–∫–∞: 69
============================
[2019-10-10 21:50:07] –¢–µ–∫—Å—Ç –æ—à–∏–±–∫–∏: –°—Ç—Ä–∞–Ω–∏—Ü–∞ –Ω–µ –Ω–∞–π–¥–µ–Ω–∞ | –§–∞–π–ª: D:\OpenServer\OSPanel\domains\mkweb.loc\vendor\mkweb\core\Router.php | –°—Ç—Ä–æ–∫–∞: 69
============================
[2019-10-10 21:50:07] –¢–µ–∫—Å—Ç –æ—à–∏–±–∫–∏: –°—Ç—Ä–∞–Ω–∏—Ü–∞ –Ω–µ –Ω–∞–π–¥–µ–Ω–∞ | –§–∞–π–ª: D:\OpenServer\OSPanel\domains\mkweb.loc\vendor\mkweb\core\Router.php | –°—Ç—Ä–æ–∫–∞: 69
============================
[2019-10-10 22:31:44] –¢–µ–∫—Å—Ç –æ—à–∏–±–∫–∏: –°—Ç—Ä–∞–Ω–∏—Ü–∞ –Ω–µ –Ω–∞–π–¥–µ–Ω–∞ | –§–∞–π–ª: D:\OpenServer\OSPanel\domains\mkweb.loc\vendor\mkweb\core\Router.php | –°—Ç—Ä–æ–∫–∞: 69
============================
[2019-10-10 22:34:52] –¢–µ–∫—Å—Ç –æ—à–∏–±–∫–∏: –°—Ç—Ä–∞–Ω–∏—Ü–∞ –Ω–µ –Ω–∞–π–¥–µ–Ω–∞ | –§–∞–π–ª: D:\OpenServer\OSPanel\domains\mkweb.loc\vendor\mkweb\core\Router.php | –°—Ç—Ä–æ–∫–∞: 69
============================
[2019-10-10 22:35:03] –¢–µ–∫—Å—Ç –æ—à–∏–±–∫–∏: –°—Ç—Ä–∞–Ω–∏—Ü–∞ –Ω–µ –Ω–∞–π–¥–µ–Ω–∞ | –§–∞–π–ª: D:\OpenServer\OSPanel\domains\mkweb.loc\vendor\mkweb\core\Router.php | –°—Ç—Ä–æ–∫–∞: 69
============================
[2019-10-11 19:10:07] –¢–µ–∫—Å—Ç –æ—à–∏–±–∫–∏: Call to undefined function INET_ATON() | –§–∞–π–ª: D:\OpenServer\OSPanel\domains\mkweb.loc\app\views\layouts\default.php | –°—Ç—Ä–æ–∫–∞: 20
============================
[2019-10-11 19:27:01] –¢–µ–∫—Å—Ç –æ—à–∏–±–∫–∏: –°—Ç—Ä–∞–Ω–∏—Ü–∞ –Ω–µ –Ω–∞–π–¥–µ–Ω–∞ | –§–∞–π–ª: D:\OpenServer\OSPanel\domains\mkweb.loc\vendor\mkweb\core\Router.php | –°—Ç—Ä–æ–∫–∞: 69
============================
[2019-10-11 19:57:11] –¢–µ–∫—Å—Ç –æ—à–∏–±–∫–∏: –ù–µ—Ç –ø–æ–¥–∫–ª—é—á–µ–Ω–∏—è –∫ –±–∞–∑–µ –¥–∞–Ω–Ω—ã—Ö SQLSTATE[HY000] [2006] MySQL server has gone away | –§–∞–π–ª: D:\OpenServer\OSPanel\domains\mkweb.loc\vendor\mkweb\core\DB.php | –°—Ç—Ä–æ–∫–∞: 23
============================
[2019-10-11 20:07:11] –¢–µ–∫—Å—Ç –æ—à–∏–±–∫–∏: –ù–µ—Ç –ø–æ–¥–∫–ª—é—á–µ–Ω–∏—è –∫ –±–∞–∑–µ –¥–∞–Ω–Ω—ã—Ö SQLSTATE[HY000] [2006] MySQL server has gone away | –§–∞–π–ª: D:\OpenServer\OSPanel\domains\mkweb.loc\vendor\mkweb\core\DB.php | –°—Ç—Ä–æ–∫–∞: 23
============================
[2019-10-11 20:11:25] –¢–µ–∫—Å—Ç –æ—à–∏–±–∫–∏: –ù–µ—Ç –ø–æ–¥–∫–ª—é—á–µ–Ω–∏—è –∫ –±–∞–∑–µ –¥–∞–Ω–Ω—ã—Ö SQLSTATE[HY000] [2006] MySQL server has gone away | –§–∞–π–ª: D:\OpenServer\OSPanel\domains\mkweb.loc\vendor\mkweb\core\DB.php | –°—Ç—Ä–æ–∫–∞: 23
============================
[2019-10-12 15:55:47] –¢–µ–∫—Å—Ç –æ—à–∏–±–∫–∏: –°—Ç—Ä–∞–Ω–∏—Ü–∞ –Ω–µ –Ω–∞–π–¥–µ–Ω–∞ | –§–∞–π–ª: D:\OpenServer\OSPanel\domains\mkweb.loc\vendor\mkweb\core\Router.php | –°—Ç—Ä–æ–∫–∞: 69
============================
[2019-10-12 15:57:01] –¢–µ–∫—Å—Ç –æ—à–∏–±–∫–∏: –ù–µ –Ω–∞–π–¥–µ–Ω –≤–∏–¥: D:fOpenServerfOSPanelfdomainsfmkweb.loc/app/views/mklogadminfPrivate/indexadminaccess.php | –§–∞–π–ª: D:\OpenServer\OSPanel\domains\mkweb.loc\vendor\mkweb\core\base\View.php | –°—Ç—Ä–æ–∫–∞: 51
============================
[2019-10-12 17:33:55] –¢–µ–∫—Å—Ç –æ—à–∏–±–∫–∏: –°—Ç—Ä–∞–Ω–∏—Ü–∞ –Ω–µ –Ω–∞–π–¥–µ–Ω–∞ | –§–∞–π–ª: D:\OpenServer\OSPanel\domains\mkweb.loc\vendor\mkweb\core\Router.php | –°—Ç—Ä–æ–∫–∞: 69
============================
[2019-10-12 21:22:17] –¢–µ–∫—Å—Ç –æ—à–∏–±–∫–∏: –°—Ç—Ä–∞–Ω–∏—Ü–∞ –Ω–µ –Ω–∞–π–¥–µ–Ω–∞ | –§–∞–π–ª: D:\OpenServer\OSPanel\domains\mkweb.loc\vendor\mkweb\core\Router.php | –°—Ç—Ä–æ–∫–∞: 69
============================
[2019-10-12 22:04:57] –¢–µ–∫—Å—Ç –æ—à–∏–±–∫–∏: –°—Ç—Ä–∞–Ω–∏—Ü–∞ –Ω–µ –Ω–∞–π–¥–µ–Ω–∞ | –§–∞–π–ª: D:\OpenServer\OSPanel\domains\mkweb.loc\vendor\mkweb\core\Router.php | –°—Ç—Ä–æ–∫–∞: 69
============================
[2019-10-20 15:51:42] –¢–µ–∫—Å—Ç –æ—à–∏–±–∫–∏: –ù–µ—Ç –ø–æ–¥–∫–ª—é—á–µ–Ω–∏—è –∫ –±–∞–∑–µ –¥–∞–Ω–Ω—ã—Ö SQLSTATE[HY000] [2002] œÓ‰ÍÎ˛˜ÂÌËÂ ÌÂ ÛÒÚ‡ÌÓ‚ÎÂÌÓ, Ú.Í. ÍÓÌÂ˜Ì˚È ÍÓÏÔ¸˛ÚÂ ÓÚ‚Â„ Á‡ÔÓÒ Ì‡ ÔÓ‰ÍÎ˛˜ÂÌËÂ.
 | –§–∞–π–ª: D:\OpenServer\OSPanel\domains\mkweb.loc\vendor\mkweb\core\DB.php | –°—Ç—Ä–æ–∫–∞: 23
============================
[2019-10-20 15:51:43] –¢–µ–∫—Å—Ç –æ—à–∏–±–∫–∏: –°—Ç—Ä–∞–Ω–∏—Ü–∞ –Ω–µ –Ω–∞–π–¥–µ–Ω–∞ | –§–∞–π–ª: D:\OpenServer\OSPanel\domains\mkweb.loc\vendor\mkweb\core\Router.php | –°—Ç—Ä–æ–∫–∞: 69
============================
[2019-10-20 15:53:43] –¢–µ–∫—Å—Ç –æ—à–∏–±–∫–∏: –°—Ç—Ä–∞–Ω–∏—Ü–∞ –Ω–µ –Ω–∞–π–¥–µ–Ω–∞ | –§–∞–π–ª: D:\OpenServer\OSPanel\domains\mkweb.loc\vendor\mkweb\core\Router.php | –°—Ç—Ä–æ–∫–∞: 69
============================
[2019-10-24 16:44:33] –¢–µ–∫—Å—Ç –æ—à–∏–±–∫–∏: –°—Ç—Ä–∞–Ω–∏—Ü–∞ –Ω–µ –Ω–∞–π–¥–µ–Ω–∞ | –§–∞–π–ª: D:\OpenServer\OSPanel\domains\mkweb.loc\vendor\mkweb\core\Router.php | –°—Ç—Ä–æ–∫–∞: 69
============================
